1771251785304430 [trace] trace init: seq
1771251785370743 [span] action_pack_server
1771251802510424 [trace] trace init: seq
1771251813772718 [trace] trace init: seq
1771251813834699 [span] action_pack_server
1771251847802832 [trace] trace init: seq
1771251847802902 [span] seqd.handle_request
1771251847802937 [event] seqd.request PING
1771251847804010 [span] seqd.handle_request dur_us=1107
1771251864381860 [trace] trace init: seq
1771251864381905 [span] seqd.handle_request
1771251864381924 [event] seqd.request PING
1771251864381965 [span] seqd.handle_request dur_us=59
1771251872060759 [span] seqd.handle_request
1771251872060792 [event] seqd.request OPEN_APP_TOGGLE Safari
1771251872060802 [event] seqd.open_app_toggle Safari
1771251873076441 [span] seqd.handle_request dur_us=1015672
1771252150354330 [span] seqd.handle_request
1771252150354543 [event] seqd.request PING
1771252150354697 [span] seqd.handle_request dur_us=366
1771252158105906 [span] seqd.handle_request
1771252158106110 [event] seqd.request OPEN_APP_TOGGLE Safari
1771252158106188 [event] seqd.open_app_toggle Safari
1771252159114337 [span] seqd.handle_request dur_us=1008423
1771252206316327 [span] seqd.handle_request
1771252206316364 [event] seqd.request TRACE cli.open_app_toggle.action	1771252206316	0	1	target=Safari	front=Ghostty	prev=	decision=open_target
1771252206316408 [span] seqd.handle_request dur_us=80
1771252206994999 [span] seqd.handle_request
1771252206995025 [event] seqd.request TRACE cli.open_app_toggle.action	1771252206994	0	1	target=Safari	front=Ghostty	prev=	decision=open_target
1771252206995070 [span] seqd.handle_request dur_us=70
1771252207587027 [span] seqd.handle_request
1771252207587053 [event] seqd.request TRACE cli.open_app_toggle.action	1771252207586	0	1	target=Safari	front=Ghostty	prev=	decision=open_target
1771252207587096 [span] seqd.handle_request dur_us=68
1771252208178389 [span] seqd.handle_request
1771252208178412 [event] seqd.request TRACE cli.open_app_toggle.action	1771252208178	0	1	target=Safari	front=Ghostty	prev=	decision=open_target
1771252208178459 [span] seqd.handle_request dur_us=69
1771252208822823 [span] seqd.handle_request
1771252208822851 [event] seqd.request TRACE cli.open_app_toggle.action	1771252208822	0	1	target=Safari	front=Ghostty	prev=	decision=open_target
1771252208822895 [span] seqd.handle_request dur_us=72
1771252209454899 [span] seqd.handle_request
1771252209454921 [event] seqd.request TRACE cli.open_app_toggle.action	1771252209454	0	1	target=Safari	front=Ghostty	prev=	decision=open_target
1771252209454967 [span] seqd.handle_request dur_us=67
1771252210045913 [span] seqd.handle_request
1771252210045938 [event] seqd.request TRACE cli.open_app_toggle.action	1771252210045	0	1	target=Safari	front=Ghostty	prev=	decision=open_target
1771252210045981 [span] seqd.handle_request dur_us=67
1771252210627605 [span] seqd.handle_request
1771252210627628 [event] seqd.request TRACE cli.open_app_toggle.action	1771252210627	0	1	target=Safari	front=Ghostty	prev=	decision=open_target
1771252210627667 [span] seqd.handle_request dur_us=62
1771252211215750 [span] seqd.handle_request
1771252211215771 [event] seqd.request TRACE cli.open_app_toggle.action	1771252211215	0	1	target=Safari	front=Ghostty	prev=	decision=open_target
1771252211215813 [span] seqd.handle_request dur_us=63
1771252211780013 [span] seqd.handle_request
1771252211780038 [event] seqd.request TRACE cli.open_app_toggle.action	1771252211779	0	1	target=Safari	front=Ghostty	prev=	decision=open_target
1771252211780078 [span] seqd.handle_request dur_us=64
1771252212356832 [span] seqd.handle_request
1771252212356857 [event] seqd.request TRACE cli.open_app_toggle.action	1771252212356	0	1	target=Safari	front=Ghostty	prev=	decision=open_target
1771252212356895 [span] seqd.handle_request dur_us=62
1771252212936930 [span] seqd.handle_request
1771252212936957 [event] seqd.request TRACE cli.open_app_toggle.action	1771252212936	0	1	target=Safari	front=Ghostty	prev=	decision=open_target
1771252212937000 [span] seqd.handle_request dur_us=69
1771252213522167 [span] seqd.handle_request
1771252213522201 [event] seqd.request TRACE cli.open_app_toggle.action	1771252213522	0	1	target=Safari	front=Ghostty	prev=	decision=open_target
1771252213522239 [span] seqd.handle_request dur_us=71
1771252214103103 [span] seqd.handle_request
1771252214103125 [event] seqd.request TRACE cli.open_app_toggle.action	1771252214103	0	1	target=Safari	front=Ghostty	prev=	decision=open_target
1771252214103164 [span] seqd.handle_request dur_us=60
1771252214691077 [span] seqd.handle_request
1771252214691096 [event] seqd.request TRACE cli.open_app_toggle.action	1771252214691	0	1	target=Safari	front=Ghostty	prev=	decision=open_target
1771252214691135 [span] seqd.handle_request dur_us=57
1771252215277559 [span] seqd.handle_request
1771252215277580 [event] seqd.request TRACE cli.open_app_toggle.action	1771252215277	0	1	target=Safari	front=Ghostty	prev=	decision=open_target
1771252215277621 [span] seqd.handle_request dur_us=61
1771252215872529 [span] seqd.handle_request
1771252215872553 [event] seqd.request TRACE cli.open_app_toggle.action	1771252215872	0	1	target=Safari	front=Ghostty	prev=	decision=open_target
1771252215872593 [span] seqd.handle_request dur_us=64
1771252216446999 [span] seqd.handle_request
1771252216447019 [event] seqd.request TRACE cli.open_app_toggle.action	1771252216446	0	1	target=Safari	front=Ghostty	prev=	decision=open_target
1771252216447060 [span] seqd.handle_request dur_us=61
1771252217036372 [span] seqd.handle_request
1771252217036392 [event] seqd.request TRACE cli.open_app_toggle.action	1771252217036	0	1	target=Safari	front=Ghostty	prev=	decision=open_target
1771252217036432 [span] seqd.handle_request dur_us=59
1771252217617097 [span] seqd.handle_request
1771252217617119 [event] seqd.request TRACE cli.open_app_toggle.action	1771252217617	0	1	target=Safari	front=Ghostty	prev=	decision=open_target
1771252217617160 [span] seqd.handle_request dur_us=62
1771252218203962 [span] seqd.handle_request
1771252218203985 [event] seqd.request TRACE cli.open_app_toggle.action	1771252218203	0	1	target=Safari	front=Ghostty	prev=	decision=open_target
1771252218204031 [span] seqd.handle_request dur_us=68
1771252218787082 [span] seqd.handle_request
1771252218787098 [event] seqd.request TRACE cli.open_app_toggle.action	1771252218787	0	1	target=Safari	front=Ghostty	prev=	decision=open_target
1771252218787140 [span] seqd.handle_request dur_us=57
1771252219379509 [span] seqd.handle_request
1771252219379528 [event] seqd.request TRACE cli.open_app_toggle.action	1771252219379	0	1	target=Safari	front=Ghostty	prev=	decision=open_target
1771252219379572 [span] seqd.handle_request dur_us=62
1771252219766883 [span] seqd.handle_request
1771252219766909 [event] seqd.request OPEN_APP_TOGGLE Safari
1771252219766917 [event] seqd.open_app_toggle Safari
1771252220772052 [span] seqd.handle_request dur_us=1005162
1771252221054226 [span] seqd.handle_request
1771252221054249 [event] seqd.request OPEN_APP_TOGGLE Safari
1771252221054257 [event] seqd.open_app_toggle Safari
1771252222061772 [span] seqd.handle_request dur_us=1007538
1771252222346287 [span] seqd.handle_request
1771252222346305 [event] seqd.request OPEN_APP_TOGGLE Safari
1771252222346313 [event] seqd.open_app_toggle Safari
1771252223351809 [span] seqd.handle_request dur_us=1005515
1771252223632591 [span] seqd.handle_request
1771252223632616 [event] seqd.request OPEN_APP_TOGGLE Safari
1771252223632624 [event] seqd.open_app_toggle Safari
1771252224638113 [span] seqd.handle_request dur_us=1005514
1771252225067870 [span] seqd.handle_request
1771252225067886 [event] seqd.request OPEN_APP_TOGGLE Safari
1771252225067894 [event] seqd.open_app_toggle Safari
1771252226070628 [span] seqd.handle_request dur_us=1002751
1771252226358836 [span] seqd.handle_request
1771252226358861 [event] seqd.request OPEN_APP_TOGGLE Safari
1771252226358871 [event] seqd.open_app_toggle Safari
1771252227367004 [span] seqd.handle_request dur_us=1008161
1771252227656895 [span] seqd.handle_request
1771252227656930 [event] seqd.request OPEN_APP_TOGGLE Safari
1771252227656941 [event] seqd.open_app_toggle Safari
1771252228671900 [span] seqd.handle_request dur_us=1014997
1771252228941900 [span] seqd.handle_request
1771252228941935 [event] seqd.request OPEN_APP_TOGGLE Safari
1771252228941942 [event] seqd.open_app_toggle Safari
1771252229948318 [span] seqd.handle_request dur_us=1006411
1771252230214656 [span] seqd.handle_request
1771252230214679 [event] seqd.request OPEN_APP_TOGGLE Safari
1771252230214689 [event] seqd.open_app_toggle Safari
1771252231222324 [span] seqd.handle_request dur_us=1007661
1771252231500061 [span] seqd.handle_request
1771252231500081 [event] seqd.request OPEN_APP_TOGGLE Safari
1771252231500090 [event] seqd.open_app_toggle Safari
1771252232506161 [span] seqd.handle_request dur_us=1006092
1771252232784804 [span] seqd.handle_request
1771252232784829 [event] seqd.request OPEN_APP_TOGGLE Safari
1771252232784838 [event] seqd.open_app_toggle Safari
1771252233797853 [span] seqd.handle_request dur_us=1013042
1771252234051073 [span] seqd.handle_request
1771252234051104 [event] seqd.request OPEN_APP_TOGGLE Safari
1771252234051112 [event] seqd.open_app_toggle Safari
1771252235055735 [span] seqd.handle_request dur_us=1004655
1771252235341440 [span] seqd.handle_request
1771252235341472 [event] seqd.request OPEN_APP_TOGGLE Safari
1771252235341479 [event] seqd.open_app_toggle Safari
1771252236348889 [span] seqd.handle_request dur_us=1007443
1771252236609888 [span] seqd.handle_request
1771252236609910 [event] seqd.request OPEN_APP_TOGGLE Safari
1771252236609917 [event] seqd.open_app_toggle Safari
1771252237618136 [span] seqd.handle_request dur_us=1008240
1771252237894060 [span] seqd.handle_request
1771252237894083 [event] seqd.request OPEN_APP_TOGGLE Safari
1771252237894090 [event] seqd.open_app_toggle Safari
1771252238902528 [span] seqd.handle_request dur_us=1008461
1771252239178689 [span] seqd.handle_request
1771252239178719 [event] seqd.request OPEN_APP_TOGGLE Safari
1771252239178734 [event] seqd.open_app_toggle Safari
1771252240187396 [span] seqd.handle_request dur_us=1008700
1771252240612925 [span] seqd.handle_request
1771252240612958 [event] seqd.request OPEN_APP_TOGGLE Safari
1771252240612965 [event] seqd.open_app_toggle Safari
1771252241618123 [span] seqd.handle_request dur_us=1005191
1771252241903045 [span] seqd.handle_request
1771252241903075 [event] seqd.request OPEN_APP_TOGGLE Safari
1771252241903083 [event] seqd.open_app_toggle Safari
1771252242910362 [span] seqd.handle_request dur_us=1007310
1771252243209887 [span] seqd.handle_request
1771252243209906 [event] seqd.request OPEN_APP_TOGGLE Safari
1771252243209914 [event] seqd.open_app_toggle Safari
1771252244217309 [span] seqd.handle_request dur_us=1007415
1771252244511032 [span] seqd.handle_request
1771252244511060 [event] seqd.request OPEN_APP_TOGGLE Safari
1771252244511068 [event] seqd.open_app_toggle Safari
1771252245520193 [span] seqd.handle_request dur_us=1009153
1771252245789299 [span] seqd.handle_request
1771252245789329 [event] seqd.request OPEN_APP_TOGGLE Safari
1771252245789338 [event] seqd.open_app_toggle Safari
1771252246802602 [span] seqd.handle_request dur_us=1013295
1771252247089479 [span] seqd.handle_request
1771252247089504 [event] seqd.request OPEN_APP_TOGGLE Safari
1771252247089511 [event] seqd.open_app_toggle Safari
1771252248093213 [span] seqd.handle_request dur_us=1003727
1771252248365697 [span] seqd.handle_request
1771252248365724 [event] seqd.request OPEN_APP_TOGGLE Safari
1771252248365733 [event] seqd.open_app_toggle Safari
1771252249369612 [span] seqd.handle_request dur_us=1003908
1771252287610601 [span] seqd.handle_request
1771252287610700 [event] seqd.request OPEN_APP_TOGGLE OBS
1771252287610721 [event] seqd.open_app_toggle OBS
1771252287615482 [span] seqd.handle_request dur_us=4880
1771252326530316 [span] seqd.handle_request
1771252326530356 [event] seqd.request OPEN_APP_TOGGLE Safari
1771252326530365 [event] seqd.open_app_toggle Safari
1771252326537204 [trace] trace init: seq
1771252326537215 [event] cli.open_app_toggle Safari
1771252326564845 [event] cli.open_app_toggle.action target=Safari	front=Zed Preview	prev=	decision=open_target
1771252326564917 [span] seqd.handle_request
1771252326565079 [event] seqd.request TRACE cli.open_app_toggle.action	1771252326564	0	1	target=Safari	front=Zed Preview	prev=	decision=open_target
1771252326565123 [span] seqd.handle_request dur_us=205
1771252327539197 [span] seqd.handle_request dur_us=1008870
1771252524717682 [span] seqd.handle_request
1771252524717718 [event] seqd.request OPEN_WITH_APP /System/Volumes/Data/Applications/Zed Preview.app:/Users/nikiv/code/lang/ts
1771252524717739 [event] seqd.open_with_app /System/Volumes/Data/Applications/Zed Preview.app:/Users/nikiv/code/lang/ts
1771252524718305 [span] seqd.handle_request dur_us=622
1771252543179463 [trace] trace init: seq
1771252543262759 [span] action_pack_server
1771252543449123 [trace] trace init: seq
1771252543449181 [span] seqd.handle_request
1771252543449201 [event] seqd.request PING
1771252543827920 [span] seqd.handle_request dur_us=378735
1771252586820712 [trace] trace init: seq
1771252696001059 [trace] trace init: seq
